react-dom-client.development.js:24650 Download the React DevTools for a better development experience: https://react.dev/link/react-devtools
BarcodeScannerUsage.tsx:86 📡 Stream changed: {hasStream: false, streamId: undefined, streamActive: undefined, tracks: undefined}
content.js:208 {}
hot-reloader-client.tsx:364 [Fast Refresh] rebuilding
BarcodeScanner.tsx:152 🔍 Focus Capability: {supportsManualFocus: false, supportsContinuousFocus: false, focusModes: Array(0), currentMode: null}
BarcodeScanner.tsx:191 ⏸️ BarcodeScanner: Stream or video not ready {hasStream: false, hasVideo: false}
useBarcodeScanner.ts:436 ⏹️ 바코드 스캔 중지
BarcodeScanner.tsx:152 🔍 Focus Capability: {supportsManualFocus: false, supportsContinuousFocus: false, focusModes: Array(0), currentMode: null}
BarcodeScanner.tsx:191 ⏸️ BarcodeScanner: Stream or video not ready {hasStream: false, hasVideo: false}
BarcodeScanner.tsx:152 🔍 Focus Capability: {supportsManualFocus: false, supportsContinuousFocus: false, focusModes: Array(0), currentMode: null}
BarcodeScanner.tsx:191 ⏸️ BarcodeScanner: Stream or video not ready {hasStream: false, hasVideo: false}
hot-reloader-client.tsx:364 [Fast Refresh] rebuilding
hot-reloader-client.tsx:364 [Fast Refresh] rebuilding
hot-reloader-client.tsx:364 [Fast Refresh] rebuilding
BarcodeScannerUsage.tsx:125 🎬 Starting camera...
CameraProvider.tsx:251 🎬 CameraProvider: startStream 호출됨 {hasConstraints: false, selectedDevice: 'c922 Pro Stream Webcam (046d:085c)', hasSelectedDevice: true, permissionState: 'granted', streamError: undefined}
useCameraStream.ts:67 🎥 useCameraStream: startStream 시작 {hasConstraints: false, selectedDevice: 'c922 Pro Stream Webcam (046d:085c)', isAlreadyStarting: false}
useCameraStream.ts:90 🛑 기존 스트림 정리
useCameraStream.ts:106 📱 선택된 디바이스로 constraints 구성: c922 Pro Stream Webcam (046d:085c)
useCameraStream.ts:123 📸 getUserMedia 호출 중... {video: {…}, audio: false}
useCameraStream.ts:130 ✅ getUserMedia 성공: {streamId: 'dfd07d57-d272-45de-b55b-cf1a6a4ae446', tracks: Array(1)}
useCameraStream.ts:224 🏁 startStream 완료
CameraProvider.tsx:275 📹 CameraProvider: startStreamHook 결과 {hasStream: true, streamError: undefined}
CameraProvider.tsx:298 ✅ 스트림 시작 성공
BarcodeScannerUsage.tsx:129 📹 Stream started: dfd07d57-d272-45de-b55b-cf1a6a4ae446
BarcodeScannerUsage.tsx:130 ✅ Camera ready for barcode scanning
useCameraTorch.ts:78 🔦 Torch 지원: false
useCameraFocus.ts:118 🔍 Focus capabilities: {supportsManualFocus: true, supportsContinuousFocus: true, focusModes: Array(2), currentMode: 'continuous', focusDistanceRange: {…}}
BarcodeScanner.tsx:204 🎯 BarcodeScanner: Starting scan
useBarcodeScanner.ts:338 🎯 바코드 스캔 시작
useBarcodeScanner.ts:346 ⏳ 비디오 준비 대기 중...
useBarcodeScanner.ts:271 ⏳ 비디오 준비 대기 중... (초기 상태: {width: 0, height: 0, readyState: 0, paused: true, srcObject: false} )
BarcodeScannerUsage.tsx:86 📡 Stream changed: {hasStream: true, streamId: 'dfd07d57-d272-45de-b55b-cf1a6a4ae446', streamActive: true, tracks: 1}hasStream: truestreamActive: truestreamId: "dfd07d57-d272-45de-b55b-cf1a6a4ae446"tracks: 1[[Prototype]]: Object
BarcodeScannerUsage.tsx:101 📹 Video element ready {hasStream: true, videoWidth: 0, videoHeight: 0}
useCameraTorch.ts:78 🔦 Torch 지원: false
useBarcodeScanner.ts:282 ❌ 비디오 준비 타임아웃: {width: 0, height: 0, readyState: 0, paused: true, srcObject: false}
error @ intercept-console-error.ts:40
useBarcodeScanner.useCallback[waitForVideoReady] @ useBarcodeScanner.ts:282
setTimeout
useBarcodeScanner.useCallback[waitForVideoReady] @ useBarcodeScanner.ts:280
useBarcodeScanner.useCallback[waitForVideoReady] @ useBarcodeScanner.ts:231
useBarcodeScanner.useCallback[startScanning] @ useBarcodeScanner.ts:347
BarcodeScanner.useEffect @ BarcodeScanner.tsx:211
react-stack-bottom-frame @ react-dom-client.development.js:23695
runWithFiberInDEV @ react-dom-client.development.js:543
commitHookEffectListMount @ react-dom-client.development.js:10763
commitHookPassiveMountEffects @ react-dom-client.development.js:10883
commitPassiveMountOnFiber @ react-dom-client.development.js:12668
recursivelyTraversePassiveMountEffects @ react-dom-client.development.js:12642
commitPassiveMountOnFiber @ react-dom-client.development.js:12770
recursivelyTraversePassiveMountEffects @ react-dom-client.development.js:12642
commitPassiveMountOnFiber @ react-dom-client.development.js:12770
recursivelyTraversePassiveMountEffects @ react-dom-client.development.js:12642
commitPassiveMountOnFiber @ react-dom-client.development.js:12770
recursivelyTraversePassiveMountEffects @ react-dom-client.development.js:12642
commitPassiveMountOnFiber @ react-dom-client.development.js:12770
recursivelyTraversePassiveMountEffects @ react-dom-client.development.js:12642
commitPassiveMountOnFiber @ react-dom-client.development.js:12661
recursivelyTraversePassiveMountEffects @ react-dom-client.development.js:12642
commitPassiveMountOnFiber @ react-dom-client.development.js:12770
recursivelyTraversePassiveMountEffects @ react-dom-client.development.js:12642
commitPassiveMountOnFiber @ react-dom-client.development.js:12770
recursivelyTraversePassiveMountEffects @ react-dom-client.development.js:12642
commitPassiveMountOnFiber @ react-dom-client.development.js:12770
recursivelyTraversePassiveMountEffects @ react-dom-client.development.js:12642
commitPassiveMountOnFiber @ react-dom-client.development.js:12770
recursivelyTraversePassiveMountEffects @ react-dom-client.development.js:12642
commitPassiveMountOnFiber @ react-dom-client.development.js:12661
recursivelyTraversePassiveMountEffects @ react-dom-client.development.js:12642
commitPassiveMountOnFiber @ react-dom-client.development.js:12661
recursivelyTraversePassiveMountEffects @ react-dom-client.development.js:12642
commitPassiveMountOnFiber @ react-dom-client.development.js:12770
recursivelyTraversePassiveMountEffects @ react-dom-client.development.js:12642
commitPassiveMountOnFiber @ react-dom-client.development.js:12770
recursivelyTraversePassiveMountEffects @ react-dom-client.development.js:12642
commitPassiveMountOnFiber @ react-dom-client.development.js:12661
recursivelyTraversePassiveMountEffects @ react-dom-client.development.js:12642
commitPassiveMountOnFiber @ react-dom-client.development.js:12661
recursivelyTraversePassiveMountEffects @ react-dom-client.development.js:12642
commitPassiveMountOnFiber @ react-dom-client.development.js:12770
recursivelyTraversePassiveMountEffects @ react-dom-client.development.js:12642
commitPassiveMountOnFiber @ react-dom-client.development.js:12770
recursivelyTraversePassiveMountEffects @ react-dom-client.development.js:12642
commitPassiveMountOnFiber @ react-dom-client.development.js:12661
recursivelyTraversePassiveMountEffects @ react-dom-client.development.js:12642
commitPassiveMountOnFiber @ react-dom-client.development.js:12770
recursivelyTraversePassiveMountEffects @ react-dom-client.development.js:12642
commitPassiveMountOnFiber @ react-dom-client.development.js:12661
recursivelyTraversePassiveMountEffects @ react-dom-client.development.js:12642
commitPassiveMountOnFiber @ react-dom-client.development.js:12661
recursivelyTraversePassiveMountEffects @ react-dom-client.development.js:12642
commitPassiveMountOnFiber @ react-dom-client.development.js:12661
recursivelyTraversePassiveMountEffects @ react-dom-client.development.js:12642
commitPassiveMountOnFiber @ react-dom-client.development.js:12661
recursivelyTraversePassiveMountEffects @ react-dom-client.development.js:12642
commitPassiveMountOnFiber @ react-dom-client.development.js:12770
recursivelyTraversePassiveMountEffects @ react-dom-client.development.js:12642
commitPassiveMountOnFiber @ react-dom-client.development.js:12661
recursivelyTraversePassiveMountEffects @ react-dom-client.development.js:12642
commitPassiveMountOnFiber @ react-dom-client.development.js:12661
recursivelyTraversePassiveMountEffects @ react-dom-client.development.js:12642
commitPassiveMountOnFiber @ react-dom-client.development.js:12770
recursivelyTraversePassiveMountEffects @ react-dom-client.development.js:12642
commitPassiveMountOnFiber @ react-dom-client.development.js:12661
recursivelyTraversePassiveMountEffects @ react-dom-client.development.js:12642
commitPassiveMountOnFiber @ react-dom-client.development.js:12770
recursivelyTraversePassiveMountEffects @ react-dom-client.development.js:12642
commitPassiveMountOnFiber @ react-dom-client.development.js:12770
recursivelyTraversePassiveMountEffects @ react-dom-client.development.js:12642
commitPassiveMountOnFiber @ react-dom-client.development.js:12661
recursivelyTraversePassiveMountEffects @ react-dom-client.development.js:12642
commitPassiveMountOnFiber @ react-dom-client.development.js:12770
recursivelyTraversePassiveMountEffects @ react-dom-client.development.js:12642
commitPassiveMountOnFiber @ react-dom-client.development.js:12661
recursivelyTraversePassiveMountEffects @ react-dom-client.development.js:12642
commitPassiveMountOnFiber @ react-dom-client.development.js:12770
recursivelyTraversePassiveMountEffects @ react-dom-client.development.js:12642
commitPassiveMountOnFiber @ react-dom-client.development.js:12661
recursivelyTraversePassiveMountEffects @ react-dom-client.development.js:12642
commitPassiveMountOnFiber @ react-dom-client.development.js:12661
recursivelyTraversePassiveMountEffects @ react-dom-client.development.js:12642
commitPassiveMountOnFiber @ react-dom-client.development.js:12661
recursivelyTraversePassiveMountEffects @ react-dom-client.development.js:12642
commitPassiveMountOnFiber @ react-dom-client.development.js:12770
recursivelyTraversePassiveMountEffects @ react-dom-client.development.js:12642
commitPassiveMountOnFiber @ react-dom-client.development.js:12661
recursivelyTraversePassiveMountEffects @ react-dom-client.development.js:12642
commitPassiveMountOnFiber @ react-dom-client.development.js:12661
recursivelyTraversePassiveMountEffects @ react-dom-client.development.js:12642
commitPassiveMountOnFiber @ react-dom-client.development.js:12770
recursivelyTraversePassiveMountEffects @ react-dom-client.development.js:12642
commitPassiveMountOnFiber @ react-dom-client.development.js:12661
recursivelyTraversePassiveMountEffects @ react-dom-client.development.js:12642
commitPassiveMountOnFiber @ react-dom-client.development.js:12770
recursivelyTraversePassiveMountEffects @ react-dom-client.development.js:12642
commitPassiveMountOnFiber @ react-dom-client.development.js:12661
recursivelyTraversePassiveMountEffects @ react-dom-client.development.js:12642
commitPassiveMountOnFiber @ react-dom-client.development.js:12770
recursivelyTraversePassiveMountEffects @ react-dom-client.development.js:12642
commitPassiveMountOnFiber @ react-dom-client.development.js:12661
recursivelyTraversePassiveMountEffects @ react-dom-client.development.js:12642
commitPassiveMountOnFiber @ react-dom-client.development.js:12770
recursivelyTraversePassiveMountEffects @ react-dom-client.development.js:12642
commitPassiveMountOnFiber @ react-dom-client.development.js:12661
recursivelyTraversePassiveMountEffects @ react-dom-client.development.js:12642
commitPassiveMountOnFiber @ react-dom-client.development.js:12661
recursivelyTraversePassiveMountEffects @ react-dom-client.development.js:12642
commitPassiveMountOnFiber @ react-dom-client.development.js:12661
recursivelyTraversePassiveMountEffects @ react-dom-client.development.js:12642
commitPassiveMountOnFiber @ react-dom-client.development.js:12770
recursivelyTraversePassiveMountEffects @ react-dom-client.development.js:12642
commitPassiveMountOnFiber @ react-dom-client.development.js:12770
recursivelyTraversePassiveMountEffects @ react-dom-client.development.js:12642
commitPassiveMountOnFiber @ react-dom-client.development.js:12770
recursivelyTraversePassiveMountEffects @ react-dom-client.development.js:12642
commitPassiveMountOnFiber @ react-dom-client.development.js:12770
recursivelyTraversePassiveMountEffects @ react-dom-client.development.js:12642
commitPassiveMountOnFiber @ react-dom-client.development.js:12661
recursivelyTraversePassiveMountEffects @ react-dom-client.development.js:12642
commitPassiveMountOnFiber @ react-dom-client.development.js:12770
recursivelyTraversePassiveMountEffects @ react-dom-client.development.js:12642
commitPassiveMountOnFiber @ react-dom-client.development.js:12661
recursivelyTraversePassiveMountEffects @ react-dom-client.development.js:12642
commitPassiveMountOnFiber @ react-dom-client.development.js:12661
recursivelyTraversePassiveMountEffects @ react-dom-client.development.js:12642
commitPassiveMountOnFiber @ react-dom-client.development.js:12770
recursivelyTraversePassiveMountEffects @ react-dom-client.development.js:12642
commitPassiveMountOnFiber @ react-dom-client.development.js:12661
recursivelyTraversePassiveMountEffects @ react-dom-client.development.js:12642
commitPassiveMountOnFiber @ react-dom-client.development.js:12770
recursivelyTraversePassiveMountEffects @ react-dom-client.development.js:12642
commitPassiveMountOnFiber @ react-dom-client.development.js:12770
recursivelyTraversePassiveMountEffects @ react-dom-client.development.js:12642
commitPassiveMountOnFiber @ react-dom-client.development.js:12770
recursivelyTraversePassiveMountEffects @ react-dom-client.development.js:12642
commitPassiveMountOnFiber @ react-dom-client.development.js:12770
recursivelyTraversePassiveMountEffects @ react-dom-client.development.js:12642
commitPassiveMountOnFiber @ react-dom-client.development.js:12770
recursivelyTraversePassiveMountEffects @ react-dom-client.development.js:12642
commitPassiveMountOnFiber @ react-dom-client.development.js:12770
recursivelyTraversePassiveMountEffects @ react-dom-client.development.js:12642
commitPassiveMountOnFiber @ react-dom-client.development.js:12661
recursivelyTraversePassiveMountEffects @ react-dom-client.development.js:12642
commitPassiveMountOnFiber @ react-dom-client.development.js:12770
recursivelyTraversePassiveMountEffects @ react-dom-client.development.js:12642
commitPassiveMountOnFiber @ react-dom-client.development.js:12661
recursivelyTraversePassiveMountEffects @ react-dom-client.development.js:12642
commitPassiveMountOnFiber @ react-dom-client.development.js:12661
recursivelyTraversePassiveMountEffects @ react-dom-client.development.js:12642
commitPassiveMountOnFiber @ react-dom-client.development.js:12770
recursivelyTraversePassiveMountEffects @ react-dom-client.development.js:12642
commitPassiveMountOnFiber @ react-dom-client.development.js:12661
recursivelyTraversePassiveMountEffects @ react-dom-client.development.js:12642
commitPassiveMountOnFiber @ react-dom-client.development.js:12661
recursivelyTraversePassiveMountEffects @ react-dom-client.development.js:12642
commitPassiveMountOnFiber @ react-dom-client.development.js:12770
recursivelyTraversePassiveMountEffects @ react-dom-client.development.js:12642
commitPassiveMountOnFiber @ react-dom-client.development.js:12770
recursivelyTraversePassiveMountEffects @ react-dom-client.development.js:12642
commitPassiveMountOnFiber @ react-dom-client.development.js:12672
flushPassiveEffects @ react-dom-client.development.js:15482
performSyncWorkOnRoot @ react-dom-client.development.js:15966
flushSyncWorkAcrossRoots_impl @ react-dom-client.development.js:15829
commitRootImpl @ react-dom-client.development.js:15421
commitRoot @ react-dom-client.development.js:15272
commitRootWhenReady @ react-dom-client.development.js:14583
performWorkOnRoot @ react-dom-client.development.js:14504
performWorkOnRootViaSchedulerTask @ react-dom-client.development.js:15954
performWorkUntilDeadline @ scheduler.development.js:44
useBarcodeScanner.ts:418 ❌ 바코드 스캔 시작 실패: Error: Video element failed to become ready within 10 seconds
    at useBarcodeScanner.useCallback[waitForVideoReady] (useBarcodeScanner.ts:289:18)
error @ intercept-console-error.ts:40
useBarcodeScanner.useCallback[startScanning] @ useBarcodeScanner.ts:418
await in useBarcodeScanner.useCallback[startScanning]
BarcodeScanner.useEffect @ BarcodeScanner.tsx:211
react-stack-bottom-frame @ react-dom-client.development.js:23695
runWithFiberInDEV @ react-dom-client.development.js:543
commitHookEffectListMount @ react-dom-client.development.js:10763
commitHookPassiveMountEffects @ react-dom-client.development.js:10883
commitPassiveMountOnFiber @ react-dom-client.development.js:12668
recursivelyTraversePassiveMountEffects @ react-dom-client.development.js:12642
commitPassiveMountOnFiber @ react-dom-client.development.js:12770
recursivelyTraversePassiveMountEffects @ react-dom-client.development.js:12642
commitPassiveMountOnFiber @ react-dom-client.development.js:12770
recursivelyTraversePassiveMountEffects @ react-dom-client.development.js:12642
commitPassiveMountOnFiber @ react-dom-client.development.js:12770
recursivelyTraversePassiveMountEffects @ react-dom-client.development.js:12642
commitPassiveMountOnFiber @ react-dom-client.development.js:12770
recursivelyTraversePassiveMountEffects @ react-dom-client.development.js:12642
commitPassiveMountOnFiber @ react-dom-client.development.js:12661
recursivelyTraversePassiveMountEffects @ react-dom-client.development.js:12642
commitPassiveMountOnFiber @ react-dom-client.development.js:12770
recursivelyTraversePassiveMountEffects @ react-dom-client.development.js:12642
commitPassiveMountOnFiber @ react-dom-client.development.js:12770
recursivelyTraversePassiveMountEffects @ react-dom-client.development.js:12642
commitPassiveMountOnFiber @ react-dom-client.development.js:12770
recursivelyTraversePassiveMountEffects @ react-dom-client.development.js:12642
commitPassiveMountOnFiber @ react-dom-client.development.js:12770
recursivelyTraversePassiveMountEffects @ react-dom-client.development.js:12642
commitPassiveMountOnFiber @ react-dom-client.development.js:12661
recursivelyTraversePassiveMountEffects @ react-dom-client.development.js:12642
commitPassiveMountOnFiber @ react-dom-client.development.js:12661
recursivelyTraversePassiveMountEffects @ react-dom-client.development.js:12642
commitPassiveMountOnFiber @ react-dom-client.development.js:12770
recursivelyTraversePassiveMountEffects @ react-dom-client.development.js:12642
commitPassiveMountOnFiber @ react-dom-client.development.js:12770
recursivelyTraversePassiveMountEffects @ react-dom-client.development.js:12642
commitPassiveMountOnFiber @ react-dom-client.development.js:12661
recursivelyTraversePassiveMountEffects @ react-dom-client.development.js:12642
commitPassiveMountOnFiber @ react-dom-client.development.js:12661
recursivelyTraversePassiveMountEffects @ react-dom-client.development.js:12642
commitPassiveMountOnFiber @ react-dom-client.development.js:12770
recursivelyTraversePassiveMountEffects @ react-dom-client.development.js:12642
commitPassiveMountOnFiber @ react-dom-client.development.js:12770
recursivelyTraversePassiveMountEffects @ react-dom-client.development.js:12642
commitPassiveMountOnFiber @ react-dom-client.development.js:12661
recursivelyTraversePassiveMountEffects @ react-dom-client.development.js:12642
commitPassiveMountOnFiber @ react-dom-client.development.js:12770
recursivelyTraversePassiveMountEffects @ react-dom-client.development.js:12642
commitPassiveMountOnFiber @ react-dom-client.development.js:12661
recursivelyTraversePassiveMountEffects @ react-dom-client.development.js:12642
commitPassiveMountOnFiber @ react-dom-client.development.js:12661
recursivelyTraversePassiveMountEffects @ react-dom-client.development.js:12642
commitPassiveMountOnFiber @ react-dom-client.development.js:12661
recursivelyTraversePassiveMountEffects @ react-dom-client.development.js:12642
commitPassiveMountOnFiber @ react-dom-client.development.js:12661
recursivelyTraversePassiveMountEffects @ react-dom-client.development.js:12642
commitPassiveMountOnFiber @ react-dom-client.development.js:12770
recursivelyTraversePassiveMountEffects @ react-dom-client.development.js:12642
commitPassiveMountOnFiber @ react-dom-client.development.js:12661
recursivelyTraversePassiveMountEffects @ react-dom-client.development.js:12642
commitPassiveMountOnFiber @ react-dom-client.development.js:12661
recursivelyTraversePassiveMountEffects @ react-dom-client.development.js:12642
commitPassiveMountOnFiber @ react-dom-client.development.js:12770
recursivelyTraversePassiveMountEffects @ react-dom-client.development.js:12642
commitPassiveMountOnFiber @ react-dom-client.development.js:12661
recursivelyTraversePassiveMountEffects @ react-dom-client.development.js:12642
commitPassiveMountOnFiber @ react-dom-client.development.js:12770
recursivelyTraversePassiveMountEffects @ react-dom-client.development.js:12642
commitPassiveMountOnFiber @ react-dom-client.development.js:12770
recursivelyTraversePassiveMountEffects @ react-dom-client.development.js:12642
commitPassiveMountOnFiber @ react-dom-client.development.js:12661
recursivelyTraversePassiveMountEffects @ react-dom-client.development.js:12642
commitPassiveMountOnFiber @ react-dom-client.development.js:12770
recursivelyTraversePassiveMountEffects @ react-dom-client.development.js:12642
commitPassiveMountOnFiber @ react-dom-client.development.js:12661
recursivelyTraversePassiveMountEffects @ react-dom-client.development.js:12642
commitPassiveMountOnFiber @ react-dom-client.development.js:12770
recursivelyTraversePassiveMountEffects @ react-dom-client.development.js:12642
commitPassiveMountOnFiber @ react-dom-client.development.js:12661
recursivelyTraversePassiveMountEffects @ react-dom-client.development.js:12642
commitPassiveMountOnFiber @ react-dom-client.development.js:12661
recursivelyTraversePassiveMountEffects @ react-dom-client.development.js:12642
commitPassiveMountOnFiber @ react-dom-client.development.js:12661
recursivelyTraversePassiveMountEffects @ react-dom-client.development.js:12642
commitPassiveMountOnFiber @ react-dom-client.development.js:12770
recursivelyTraversePassiveMountEffects @ react-dom-client.development.js:12642
commitPassiveMountOnFiber @ react-dom-client.development.js:12661
recursivelyTraversePassiveMountEffects @ react-dom-client.development.js:12642
commitPassiveMountOnFiber @ react-dom-client.development.js:12661
recursivelyTraversePassiveMountEffects @ react-dom-client.development.js:12642
commitPassiveMountOnFiber @ react-dom-client.development.js:12770
recursivelyTraversePassiveMountEffects @ react-dom-client.development.js:12642
commitPassiveMountOnFiber @ react-dom-client.development.js:12661
recursivelyTraversePassiveMountEffects @ react-dom-client.development.js:12642
commitPassiveMountOnFiber @ react-dom-client.development.js:12770
recursivelyTraversePassiveMountEffects @ react-dom-client.development.js:12642
commitPassiveMountOnFiber @ react-dom-client.development.js:12661
recursivelyTraversePassiveMountEffects @ react-dom-client.development.js:12642
commitPassiveMountOnFiber @ react-dom-client.development.js:12770
recursivelyTraversePassiveMountEffects @ react-dom-client.development.js:12642
commitPassiveMountOnFiber @ react-dom-client.development.js:12661
recursivelyTraversePassiveMountEffects @ react-dom-client.development.js:12642
commitPassiveMountOnFiber @ react-dom-client.development.js:12770
recursivelyTraversePassiveMountEffects @ react-dom-client.development.js:12642
commitPassiveMountOnFiber @ react-dom-client.development.js:12661
recursivelyTraversePassiveMountEffects @ react-dom-client.development.js:12642
commitPassiveMountOnFiber @ react-dom-client.development.js:12661
recursivelyTraversePassiveMountEffects @ react-dom-client.development.js:12642
commitPassiveMountOnFiber @ react-dom-client.development.js:12661
recursivelyTraversePassiveMountEffects @ react-dom-client.development.js:12642
commitPassiveMountOnFiber @ react-dom-client.development.js:12770
recursivelyTraversePassiveMountEffects @ react-dom-client.development.js:12642
commitPassiveMountOnFiber @ react-dom-client.development.js:12770
recursivelyTraversePassiveMountEffects @ react-dom-client.development.js:12642
commitPassiveMountOnFiber @ react-dom-client.development.js:12770
recursivelyTraversePassiveMountEffects @ react-dom-client.development.js:12642
commitPassiveMountOnFiber @ react-dom-client.development.js:12770
recursivelyTraversePassiveMountEffects @ react-dom-client.development.js:12642
commitPassiveMountOnFiber @ react-dom-client.development.js:12661
recursivelyTraversePassiveMountEffects @ react-dom-client.development.js:12642
commitPassiveMountOnFiber @ react-dom-client.development.js:12770
recursivelyTraversePassiveMountEffects @ react-dom-client.development.js:12642
commitPassiveMountOnFiber @ react-dom-client.development.js:12661
recursivelyTraversePassiveMountEffects @ react-dom-client.development.js:12642
commitPassiveMountOnFiber @ react-dom-client.development.js:12661
recursivelyTraversePassiveMountEffects @ react-dom-client.development.js:12642
commitPassiveMountOnFiber @ react-dom-client.development.js:12770
recursivelyTraversePassiveMountEffects @ react-dom-client.development.js:12642
commitPassiveMountOnFiber @ react-dom-client.development.js:12661
recursivelyTraversePassiveMountEffects @ react-dom-client.development.js:12642
commitPassiveMountOnFiber @ react-dom-client.development.js:12770
recursivelyTraversePassiveMountEffects @ react-dom-client.development.js:12642
commitPassiveMountOnFiber @ react-dom-client.development.js:12770
recursivelyTraversePassiveMountEffects @ react-dom-client.development.js:12642
commitPassiveMountOnFiber @ react-dom-client.development.js:12770
recursivelyTraversePassiveMountEffects @ react-dom-client.development.js:12642
commitPassiveMountOnFiber @ react-dom-client.development.js:12770
recursivelyTraversePassiveMountEffects @ react-dom-client.development.js:12642
commitPassiveMountOnFiber @ react-dom-client.development.js:12770
recursivelyTraversePassiveMountEffects @ react-dom-client.development.js:12642
commitPassiveMountOnFiber @ react-dom-client.development.js:12770
recursivelyTraversePassiveMountEffects @ react-dom-client.development.js:12642
commitPassiveMountOnFiber @ react-dom-client.development.js:12661
recursivelyTraversePassiveMountEffects @ react-dom-client.development.js:12642
commitPassiveMountOnFiber @ react-dom-client.development.js:12770
recursivelyTraversePassiveMountEffects @ react-dom-client.development.js:12642
commitPassiveMountOnFiber @ react-dom-client.development.js:12661
recursivelyTraversePassiveMountEffects @ react-dom-client.development.js:12642
commitPassiveMountOnFiber @ react-dom-client.development.js:12661
recursivelyTraversePassiveMountEffects @ react-dom-client.development.js:12642
commitPassiveMountOnFiber @ react-dom-client.development.js:12770
recursivelyTraversePassiveMountEffects @ react-dom-client.development.js:12642
commitPassiveMountOnFiber @ react-dom-client.development.js:12661
recursivelyTraversePassiveMountEffects @ react-dom-client.development.js:12642
commitPassiveMountOnFiber @ react-dom-client.development.js:12661
recursivelyTraversePassiveMountEffects @ react-dom-client.development.js:12642
commitPassiveMountOnFiber @ react-dom-client.development.js:12770
recursivelyTraversePassiveMountEffects @ react-dom-client.development.js:12642
commitPassiveMountOnFiber @ react-dom-client.development.js:12770
recursivelyTraversePassiveMountEffects @ react-dom-client.development.js:12642
commitPassiveMountOnFiber @ react-dom-client.development.js:12672
flushPassiveEffects @ react-dom-client.development.js:15482
performSyncWorkOnRoot @ react-dom-client.development.js:15966
flushSyncWorkAcrossRoots_impl @ react-dom-client.development.js:15829
commitRootImpl @ react-dom-client.development.js:15421
commitRoot @ react-dom-client.development.js:15272
commitRootWhenReady @ react-dom-client.development.js:14583
performWorkOnRoot @ react-dom-client.development.js:14504
performWorkOnRootViaSchedulerTask @ react-dom-client.development.js:15954
performWorkUntilDeadline @ scheduler.development.js:44
BarcodeScannerUsage.tsx:214 ❌ Barcode scan error: Error: Video element failed to become ready within 10 seconds
    at useBarcodeScanner.useCallback[waitForVideoReady] (useBarcodeScanner.ts:289:18)
error @ intercept-console-error.ts:40
onError @ BarcodeScannerUsage.tsx:214
BarcodeScanner.useBarcodeScanner.useCallback @ BarcodeScanner.tsx:137
useBarcodeScanner.useCallback[startScanning] @ useBarcodeScanner.ts:425
await in useBarcodeScanner.useCallback[startScanning]
BarcodeScanner.useEffect @ BarcodeScanner.tsx:211
react-stack-bottom-frame @ react-dom-client.development.js:23695
runWithFiberInDEV @ react-dom-client.development.js:543
commitHookEffectListMount @ react-dom-client.development.js:10763
commitHookPassiveMountEffects @ react-dom-client.development.js:10883
commitPassiveMountOnFiber @ react-dom-client.development.js:12668
recursivelyTraversePassiveMountEffects @ react-dom-client.development.js:12642
commitPassiveMountOnFiber @ react-dom-client.development.js:12770
recursivelyTraversePassiveMountEffects @ react-dom-client.development.js:12642
commitPassiveMountOnFiber @ react-dom-client.development.js:12770
recursivelyTraversePassiveMountEffects @ react-dom-client.development.js:12642
commitPassiveMountOnFiber @ react-dom-client.development.js:12770
recursivelyTraversePassiveMountEffects @ react-dom-client.development.js:12642
commitPassiveMountOnFiber @ react-dom-client.development.js:12770
recursivelyTraversePassiveMountEffects @ react-dom-client.development.js:12642
commitPassiveMountOnFiber @ react-dom-client.development.js:12661
recursivelyTraversePassiveMountEffects @ react-dom-client.development.js:12642
commitPassiveMountOnFiber @ react-dom-client.development.js:12770
recursivelyTraversePassiveMountEffects @ react-dom-client.development.js:12642
commitPassiveMountOnFiber @ react-dom-client.development.js:12770
recursivelyTraversePassiveMountEffects @ react-dom-client.development.js:12642
commitPassiveMountOnFiber @ react-dom-client.development.js:12770
recursivelyTraversePassiveMountEffects @ react-dom-client.development.js:12642
commitPassiveMountOnFiber @ react-dom-client.development.js:12770
recursivelyTraversePassiveMountEffects @ react-dom-client.development.js:12642
commitPassiveMountOnFiber @ react-dom-client.development.js:12661
recursivelyTraversePassiveMountEffects @ react-dom-client.development.js:12642
commitPassiveMountOnFiber @ react-dom-client.development.js:12661
recursivelyTraversePassiveMountEffects @ react-dom-client.development.js:12642
commitPassiveMountOnFiber @ react-dom-client.development.js:12770
recursivelyTraversePassiveMountEffects @ react-dom-client.development.js:12642
commitPassiveMountOnFiber @ react-dom-client.development.js:12770
recursivelyTraversePassiveMountEffects @ react-dom-client.development.js:12642
commitPassiveMountOnFiber @ react-dom-client.development.js:12661
recursivelyTraversePassiveMountEffects @ react-dom-client.development.js:12642
commitPassiveMountOnFiber @ react-dom-client.development.js:12661
recursivelyTraversePassiveMountEffects @ react-dom-client.development.js:12642
commitPassiveMountOnFiber @ react-dom-client.development.js:12770
recursivelyTraversePassiveMountEffects @ react-dom-client.development.js:12642
commitPassiveMountOnFiber @ react-dom-client.development.js:12770
recursivelyTraversePassiveMountEffects @ react-dom-client.development.js:12642
commitPassiveMountOnFiber @ react-dom-client.development.js:12661
recursivelyTraversePassiveMountEffects @ react-dom-client.development.js:12642
commitPassiveMountOnFiber @ react-dom-client.development.js:12770
recursivelyTraversePassiveMountEffects @ react-dom-client.development.js:12642
commitPassiveMountOnFiber @ react-dom-client.development.js:12661
recursivelyTraversePassiveMountEffects @ react-dom-client.development.js:12642
commitPassiveMountOnFiber @ react-dom-client.development.js:12661
recursivelyTraversePassiveMountEffects @ react-dom-client.development.js:12642
commitPassiveMountOnFiber @ react-dom-client.development.js:12661
recursivelyTraversePassiveMountEffects @ react-dom-client.development.js:12642
commitPassiveMountOnFiber @ react-dom-client.development.js:12661
recursivelyTraversePassiveMountEffects @ react-dom-client.development.js:12642
commitPassiveMountOnFiber @ react-dom-client.development.js:12770
recursivelyTraversePassiveMountEffects @ react-dom-client.development.js:12642
commitPassiveMountOnFiber @ react-dom-client.development.js:12661
recursivelyTraversePassiveMountEffects @ react-dom-client.development.js:12642
commitPassiveMountOnFiber @ react-dom-client.development.js:12661
recursivelyTraversePassiveMountEffects @ react-dom-client.development.js:12642
commitPassiveMountOnFiber @ react-dom-client.development.js:12770
recursivelyTraversePassiveMountEffects @ react-dom-client.development.js:12642
commitPassiveMountOnFiber @ react-dom-client.development.js:12661
recursivelyTraversePassiveMountEffects @ react-dom-client.development.js:12642
commitPassiveMountOnFiber @ react-dom-client.development.js:12770
recursivelyTraversePassiveMountEffects @ react-dom-client.development.js:12642
commitPassiveMountOnFiber @ react-dom-client.development.js:12770
recursivelyTraversePassiveMountEffects @ react-dom-client.development.js:12642
commitPassiveMountOnFiber @ react-dom-client.development.js:12661
recursivelyTraversePassiveMountEffects @ react-dom-client.development.js:12642
commitPassiveMountOnFiber @ react-dom-client.development.js:12770
recursivelyTraversePassiveMountEffects @ react-dom-client.development.js:12642
commitPassiveMountOnFiber @ react-dom-client.development.js:12661
recursivelyTraversePassiveMountEffects @ react-dom-client.development.js:12642
commitPassiveMountOnFiber @ react-dom-client.development.js:12770
recursivelyTraversePassiveMountEffects @ react-dom-client.development.js:12642
commitPassiveMountOnFiber @ react-dom-client.development.js:12661
recursivelyTraversePassiveMountEffects @ react-dom-client.development.js:12642
commitPassiveMountOnFiber @ react-dom-client.development.js:12661
recursivelyTraversePassiveMountEffects @ react-dom-client.development.js:12642
commitPassiveMountOnFiber @ react-dom-client.development.js:12661
recursivelyTraversePassiveMountEffects @ react-dom-client.development.js:12642
commitPassiveMountOnFiber @ react-dom-client.development.js:12770
recursivelyTraversePassiveMountEffects @ react-dom-client.development.js:12642
commitPassiveMountOnFiber @ react-dom-client.development.js:12661
recursivelyTraversePassiveMountEffects @ react-dom-client.development.js:12642
commitPassiveMountOnFiber @ react-dom-client.development.js:12661
recursivelyTraversePassiveMountEffects @ react-dom-client.development.js:12642
commitPassiveMountOnFiber @ react-dom-client.development.js:12770
recursivelyTraversePassiveMountEffects @ react-dom-client.development.js:12642
commitPassiveMountOnFiber @ react-dom-client.development.js:12661
recursivelyTraversePassiveMountEffects @ react-dom-client.development.js:12642
commitPassiveMountOnFiber @ react-dom-client.development.js:12770
recursivelyTraversePassiveMountEffects @ react-dom-client.development.js:12642
commitPassiveMountOnFiber @ react-dom-client.development.js:12661
recursivelyTraversePassiveMountEffects @ react-dom-client.development.js:12642
commitPassiveMountOnFiber @ react-dom-client.development.js:12770
recursivelyTraversePassiveMountEffects @ react-dom-client.development.js:12642
commitPassiveMountOnFiber @ react-dom-client.development.js:12661
recursivelyTraversePassiveMountEffects @ react-dom-client.development.js:12642
commitPassiveMountOnFiber @ react-dom-client.development.js:12770
recursivelyTraversePassiveMountEffects @ react-dom-client.development.js:12642
commitPassiveMountOnFiber @ react-dom-client.development.js:12661
recursivelyTraversePassiveMountEffects @ react-dom-client.development.js:12642
commitPassiveMountOnFiber @ react-dom-client.development.js:12661
recursivelyTraversePassiveMountEffects @ react-dom-client.development.js:12642
commitPassiveMountOnFiber @ react-dom-client.development.js:12661
recursivelyTraversePassiveMountEffects @ react-dom-client.development.js:12642
commitPassiveMountOnFiber @ react-dom-client.development.js:12770
recursivelyTraversePassiveMountEffects @ react-dom-client.development.js:12642
commitPassiveMountOnFiber @ react-dom-client.development.js:12770
recursivelyTraversePassiveMountEffects @ react-dom-client.development.js:12642
commitPassiveMountOnFiber @ react-dom-client.development.js:12770
recursivelyTraversePassiveMountEffects @ react-dom-client.development.js:12642
commitPassiveMountOnFiber @ react-dom-client.development.js:12770
recursivelyTraversePassiveMountEffects @ react-dom-client.development.js:12642
commitPassiveMountOnFiber @ react-dom-client.development.js:12661
recursivelyTraversePassiveMountEffects @ react-dom-client.development.js:12642
commitPassiveMountOnFiber @ react-dom-client.development.js:12770
recursivelyTraversePassiveMountEffects @ react-dom-client.development.js:12642
commitPassiveMountOnFiber @ react-dom-client.development.js:12661
recursivelyTraversePassiveMountEffects @ react-dom-client.development.js:12642
commitPassiveMountOnFiber @ react-dom-client.development.js:12661
recursivelyTraversePassiveMountEffects @ react-dom-client.development.js:12642
commitPassiveMountOnFiber @ react-dom-client.development.js:12770
recursivelyTraversePassiveMountEffects @ react-dom-client.development.js:12642
commitPassiveMountOnFiber @ react-dom-client.development.js:12661
recursivelyTraversePassiveMountEffects @ react-dom-client.development.js:12642
commitPassiveMountOnFiber @ react-dom-client.development.js:12770
recursivelyTraversePassiveMountEffects @ react-dom-client.development.js:12642
commitPassiveMountOnFiber @ react-dom-client.development.js:12770
recursivelyTraversePassiveMountEffects @ react-dom-client.development.js:12642
commitPassiveMountOnFiber @ react-dom-client.development.js:12770
recursivelyTraversePassiveMountEffects @ react-dom-client.development.js:12642
commitPassiveMountOnFiber @ react-dom-client.development.js:12770
recursivelyTraversePassiveMountEffects @ react-dom-client.development.js:12642
commitPassiveMountOnFiber @ react-dom-client.development.js:12770
recursivelyTraversePassiveMountEffects @ react-dom-client.development.js:12642
commitPassiveMountOnFiber @ react-dom-client.development.js:12770
recursivelyTraversePassiveMountEffects @ react-dom-client.development.js:12642
commitPassiveMountOnFiber @ react-dom-client.development.js:12661
recursivelyTraversePassiveMountEffects @ react-dom-client.development.js:12642
commitPassiveMountOnFiber @ react-dom-client.development.js:12770
recursivelyTraversePassiveMountEffects @ react-dom-client.development.js:12642
commitPassiveMountOnFiber @ react-dom-client.development.js:12661
recursivelyTraversePassiveMountEffects @ react-dom-client.development.js:12642
commitPassiveMountOnFiber @ react-dom-client.development.js:12661
recursivelyTraversePassiveMountEffects @ react-dom-client.development.js:12642
commitPassiveMountOnFiber @ react-dom-client.development.js:12770
recursivelyTraversePassiveMountEffects @ react-dom-client.development.js:12642
commitPassiveMountOnFiber @ react-dom-client.development.js:12661
recursivelyTraversePassiveMountEffects @ react-dom-client.development.js:12642
commitPassiveMountOnFiber @ react-dom-client.development.js:12661
recursivelyTraversePassiveMountEffects @ react-dom-client.development.js:12642
commitPassiveMountOnFiber @ react-dom-client.development.js:12770
recursivelyTraversePassiveMountEffects @ react-dom-client.development.js:12642
commitPassiveMountOnFiber @ react-dom-client.development.js:12770
recursivelyTraversePassiveMountEffects @ react-dom-client.development.js:12642
commitPassiveMountOnFiber @ react-dom-client.development.js:12672
flushPassiveEffects @ react-dom-client.development.js:15482
performSyncWorkOnRoot @ react-dom-client.development.js:15966
flushSyncWorkAcrossRoots_impl @ react-dom-client.development.js:15829
commitRootImpl @ react-dom-client.development.js:15421
commitRoot @ react-dom-client.development.js:15272
commitRootWhenReady @ react-dom-client.development.js:14583
performWorkOnRoot @ react-dom-client.development.js:14504
performWorkOnRootViaSchedulerTask @ react-dom-client.development.js:15954
performWorkUntilDeadline @ scheduler.development.js:44
BarcodeScanner.tsx:214 ✅ BarcodeScanner: Scan started successfully
hot-reloader-client.tsx:364 [Fast Refresh] rebuilding

setTimeout

